
Gurobi 8.1.0 (win64, Python) logging started 03/20/19 23:22:17

Academic license - for non-commercial use only

Gurobi 8.1.0 (win64, Python) logging started 03/21/19 16:00:17

Academic license - for non-commercial use only

Gurobi 8.1.0 (win64, Python) logging started 03/21/19 17:22:13

Academic license - for non-commercial use only

Gurobi 8.1.0 (linux64, Python) logging started Thu Mar 21 14:42:42 2019

Academic license - for non-commercial use only

Gurobi 8.1.0 (linux64, Python) logging started Thu Mar 21 15:05:08 2019

Academic license - for non-commercial use only

Gurobi 8.1.0 (linux64, Python) logging started Thu Mar 21 15:11:22 2019

Academic license - for non-commercial use only

Gurobi 8.1.0 (linux64, Python) logging started Thu Mar 21 15:51:16 2019

Academic license - for non-commercial use only

Gurobi 8.1.0 (linux64, Python) logging started Thu Mar 21 16:23:42 2019

Academic license - for non-commercial use only

Gurobi 8.1.0 (linux64, Python) logging started Thu Mar 21 16:26:22 2019

Academic license - for non-commercial use only

Gurobi 8.1.0 (linux64, Python) logging started Thu Mar 21 16:27:28 2019

Academic license - for non-commercial use only

Gurobi 8.1.0 (linux64, Python) logging started Thu Mar 21 16:36:42 2019

Academic license - for non-commercial use only

Gurobi 8.1.0 (linux64, Python) logging started Thu Mar 21 17:50:30 2019

Academic license - for non-commercial use only

Gurobi 8.1.0 (linux64, Python) logging started Thu Mar 21 17:52:34 2019

Academic license - for non-commercial use only

Gurobi 8.0.1 (linux64, Python) logging started Fri Mar 22 00:12:55 2019

Academic license - for non-commercial use only

Gurobi 8.0.1 (linux64, Python) logging started Fri Mar 22 01:05:43 2019

Academic license - for non-commercial use only

Gurobi 8.0.1 (linux64, Python) logging started Fri Mar 22 01:06:25 2019

Academic license - for non-commercial use only

Gurobi 8.0.1 (linux64, Python) logging started Fri Mar 22 01:08:59 2019

Academic license - for non-commercial use only

Gurobi 8.0.1 (linux64, Python) logging started Fri Mar 22 01:43:09 2019

Academic license - for non-commercial use only

Gurobi 8.0.1 (linux64, Python) logging started Fri Mar 22 01:49:20 2019

Academic license - for non-commercial use only

Gurobi 8.0.1 (linux64, Python) logging started Fri Mar 22 01:52:30 2019

Academic license - for non-commercial use only

Gurobi 8.0.1 (linux64, Python) logging started Fri Mar 22 10:09:41 2019

Academic license - for non-commercial use only

Gurobi 8.1.0 (linux64, Python) logging started Fri Mar 22 14:21:41 2019

Academic license - for non-commercial use only

Gurobi 8.1.0 (linux64, Python) logging started Fri Mar 22 14:28:05 2019

Academic license - for non-commercial use only

Gurobi 8.0.1 (linux64, Python) logging started Tue Mar 26 19:11:32 2019

Academic license - for non-commercial use only

Gurobi 8.0.1 (linux64, Python) logging started Tue Mar 26 19:16:19 2019

Academic license - for non-commercial use only

Gurobi 8.0.1 (linux64, Python) logging started Tue Mar 26 19:27:12 2019

Academic license - for non-commercial use only

Gurobi 8.0.1 (linux64, Python) logging started Tue Mar 26 19:30:14 2019

Academic license - for non-commercial use only

Gurobi 8.0.1 (linux64, Python) logging started Tue Mar 26 19:36:04 2019

Academic license - for non-commercial use only

Gurobi 8.0.1 (linux64, Python) logging started Tue Mar 26 19:51:59 2019

Academic license - for non-commercial use only

Gurobi 8.0.1 (linux64, Python) logging started Tue Mar 26 19:52:53 2019

Academic license - for non-commercial use only

Gurobi 8.0.1 (linux64, Python) logging started Tue Mar 26 19:57:05 2019

Academic license - for non-commercial use only

Gurobi 8.0.1 (linux64, Python) logging started Tue Mar 26 19:57:23 2019

Academic license - for non-commercial use only

Gurobi 8.0.1 (linux64, Python) logging started Tue Mar 26 20:01:39 2019

Academic license - for non-commercial use only

Gurobi 8.0.1 (linux64, Python) logging started Tue Mar 26 20:03:45 2019

Academic license - for non-commercial use only

Gurobi 8.0.1 (linux64, Python) logging started Tue Mar 26 20:05:27 2019

Academic license - for non-commercial use only

Gurobi 8.0.1 (linux64, Python) logging started Tue Mar 26 20:16:42 2019

Academic license - for non-commercial use only

Gurobi 8.0.1 (linux64, Python) logging started Tue Mar 26 21:17:31 2019

Academic license - for non-commercial use only

Gurobi 8.0.1 (linux64, Python) logging started Tue Mar 26 21:18:37 2019

Academic license - for non-commercial use only

Gurobi 8.0.1 (linux64, Python) logging started Tue Mar 26 23:24:16 2019

Academic license - for non-commercial use only

Gurobi 8.0.1 (linux64, Python) logging started Wed Mar 27 20:34:55 2019

Academic license - for non-commercial use only

Gurobi 8.0.1 (linux64, Python) logging started Wed Mar 27 20:35:17 2019

Academic license - for non-commercial use only

Gurobi 8.0.1 (linux64, Python) logging started Wed Mar 27 21:10:14 2019

Academic license - for non-commercial use only

Gurobi 8.0.1 (linux64, Python) logging started Wed Mar 27 21:11:45 2019

Academic license - for non-commercial use only

Gurobi 8.0.1 (linux64, Python) logging started Wed Mar 27 21:13:29 2019

Academic license - for non-commercial use only

Gurobi 8.0.1 (linux64, Python) logging started Wed Mar 27 21:17:21 2019

Academic license - for non-commercial use only

Gurobi 8.0.1 (linux64, Python) logging started Thu Mar 28 01:42:56 2019

Academic license - for non-commercial use only

Gurobi 8.0.1 (linux64, Python) logging started Thu Mar 28 01:51:58 2019

Academic license - for non-commercial use only

Gurobi 8.0.1 (linux64, Python) logging started Thu Mar 28 02:08:58 2019

Academic license - for non-commercial use only

Gurobi 8.0.1 (linux64, Python) logging started Thu Mar 28 02:09:19 2019

Academic license - for non-commercial use only

Gurobi 8.0.1 (linux64, Python) logging started Thu Mar 28 03:22:02 2019

Academic license - for non-commercial use only

Gurobi 8.0.1 (linux64, Python) logging started Thu Mar 28 13:51:40 2019

Academic license - for non-commercial use only

Gurobi 8.0.1 (linux64, Python) logging started Thu Mar 28 13:53:59 2019

Academic license - for non-commercial use only

Gurobi 8.0.1 (linux64, Python) logging started Thu Mar 28 13:55:53 2019

Academic license - for non-commercial use only

Gurobi 8.0.1 (linux64, Python) logging started Thu Mar 28 13:59:32 2019

Academic license - for non-commercial use only

Gurobi 8.0.1 (linux64, Python) logging started Thu Mar 28 14:00:51 2019

Academic license - for non-commercial use only

Gurobi 8.0.1 (linux64, Python) logging started Thu Mar 28 14:02:54 2019

Academic license - for non-commercial use only

Gurobi 8.0.1 (linux64, Python) logging started Thu Mar 28 14:04:30 2019

Academic license - for non-commercial use only

Gurobi 8.0.1 (linux64, Python) logging started Thu Mar 28 14:04:48 2019

Academic license - for non-commercial use only

Gurobi 8.0.1 (linux64, Python) logging started Thu Mar 28 14:05:49 2019

Academic license - for non-commercial use only

Gurobi 8.0.1 (linux64, Python) logging started Thu Mar 28 14:06:28 2019

Academic license - for non-commercial use only

Gurobi 8.0.1 (linux64, Python) logging started Thu Mar 28 14:20:10 2019

Academic license - for non-commercial use only

Gurobi 8.0.1 (linux64, Python) logging started Thu Mar 28 16:32:44 2019

Academic license - for non-commercial use only

Gurobi 8.0.1 (linux64, Python) logging started Thu Mar 28 16:33:02 2019

Academic license - for non-commercial use only

Gurobi 8.0.1 (linux64, Python) logging started Thu Mar 28 16:33:27 2019

Academic license - for non-commercial use only

Gurobi 8.0.1 (linux64, Python) logging started Thu Mar 28 16:34:23 2019

Academic license - for non-commercial use only

Gurobi 8.0.1 (linux64, Python) logging started Thu Mar 28 16:35:23 2019

Academic license - for non-commercial use only

Gurobi 8.0.1 (linux64, Python) logging started Thu Mar 28 17:22:09 2019

Academic license - for non-commercial use only

Gurobi 8.0.1 (linux64, Python) logging started Thu Mar 28 17:23:47 2019

Academic license - for non-commercial use only

Gurobi 8.0.1 (linux64, Python) logging started Thu Mar 28 17:27:49 2019

Academic license - for non-commercial use only

Gurobi 8.0.1 (linux64, Python) logging started Thu Mar 28 17:29:20 2019

Academic license - for non-commercial use only

Gurobi 8.0.1 (linux64, Python) logging started Thu Mar 28 17:36:07 2019

Academic license - for non-commercial use only

Gurobi 8.0.1 (linux64, Python) logging started Thu Mar 28 17:39:14 2019

Academic license - for non-commercial use only

Gurobi 8.0.1 (linux64, Python) logging started Thu Mar 28 17:43:10 2019

Academic license - for non-commercial use only

Gurobi 8.1.0 (linux64, Python) logging started Thu Mar 28 22:45:18 2019

Academic license - for non-commercial use only

Gurobi 8.1.0 (linux64, Python) logging started Thu Mar 28 22:46:53 2019

Academic license - for non-commercial use only

Gurobi 8.1.0 (linux64, Python) logging started Thu Mar 28 22:47:18 2019

Academic license - for non-commercial use only

Gurobi 8.1.0 (linux64, Python) logging started Thu Mar 28 22:47:34 2019

Academic license - for non-commercial use only

Gurobi 8.1.0 (linux64, Python) logging started Thu Mar 28 22:49:08 2019

Academic license - for non-commercial use only

Gurobi 8.1.0 (linux64, Python) logging started Thu Mar 28 22:50:11 2019

Academic license - for non-commercial use only

Gurobi 8.1.0 (linux64, Python) logging started Thu Mar 28 22:54:45 2019

Academic license - for non-commercial use only

Gurobi 8.1.0 (linux64, Python) logging started Thu Mar 28 22:56:43 2019

Academic license - for non-commercial use only

Gurobi 8.1.0 (linux64, Python) logging started Thu Mar 28 22:59:25 2019

Academic license - for non-commercial use only

Gurobi 8.1.0 (linux64, Python) logging started Thu Mar 28 23:02:27 2019

Academic license - for non-commercial use only

Gurobi 8.1.0 (linux64, Python) logging started Thu Mar 28 23:17:11 2019

Academic license - for non-commercial use only

Gurobi 8.0.1 (linux64, Python) logging started Thu Mar 28 23:59:35 2019

Academic license - for non-commercial use only

Gurobi 8.0.1 (linux64, Python) logging started Fri Mar 29 00:00:15 2019

Academic license - for non-commercial use only

Gurobi 8.0.1 (linux64, Python) logging started Fri Mar 29 00:00:52 2019

Academic license - for non-commercial use only

Gurobi 8.0.1 (linux64, Python) logging started Fri Mar 29 00:05:41 2019

Academic license - for non-commercial use only

Gurobi 8.0.1 (linux64, Python) logging started Fri Mar 29 00:05:54 2019

Academic license - for non-commercial use only

Gurobi 8.0.1 (linux64, Python) logging started Fri Mar 29 00:07:07 2019

Academic license - for non-commercial use only

Gurobi 8.0.1 (linux64, Python) logging started Fri Mar 29 00:08:06 2019

Academic license - for non-commercial use only

Gurobi 8.0.1 (linux64, Python) logging started Fri Mar 29 00:10:37 2019

Academic license - for non-commercial use only

Gurobi 8.0.1 (linux64, Python) logging started Fri Mar 29 00:10:56 2019

Academic license - for non-commercial use only

Gurobi 8.0.1 (linux64, Python) logging started Fri Mar 29 00:11:23 2019

Academic license - for non-commercial use only

Gurobi 8.0.1 (linux64, Python) logging started Fri Mar 29 00:16:27 2019

Academic license - for non-commercial use only

Gurobi 8.0.1 (linux64, Python) logging started Fri Mar 29 00:18:31 2019

Academic license - for non-commercial use only

Gurobi 8.0.1 (linux64, Python) logging started Fri Mar 29 00:19:55 2019

Academic license - for non-commercial use only

Gurobi 8.0.1 (linux64, Python) logging started Fri Mar 29 00:21:49 2019

Academic license - for non-commercial use only

Gurobi 8.0.1 (linux64, Python) logging started Fri Mar 29 00:25:44 2019

Academic license - for non-commercial use only

Gurobi 8.0.1 (linux64, Python) logging started Fri Mar 29 00:27:12 2019

Academic license - for non-commercial use only

Gurobi 8.0.1 (linux64, Python) logging started Fri Mar 29 00:32:52 2019

Academic license - for non-commercial use only

Gurobi 8.0.1 (linux64, Python) logging started Fri Mar 29 00:33:59 2019

Academic license - for non-commercial use only

Gurobi 8.0.1 (linux64, Python) logging started Fri Mar 29 00:41:40 2019

Academic license - for non-commercial use only

Gurobi 8.0.1 (linux64, Python) logging started Fri Mar 29 00:44:13 2019

Academic license - for non-commercial use only

Gurobi 8.0.1 (linux64, Python) logging started Fri Mar 29 00:45:21 2019

Academic license - for non-commercial use only

Gurobi 8.0.1 (linux64, Python) logging started Fri Mar 29 00:46:01 2019

Academic license - for non-commercial use only

Gurobi 8.0.1 (linux64, Python) logging started Fri Mar 29 01:15:09 2019

Academic license - for non-commercial use only

Gurobi 8.0.1 (linux64, Python) logging started Fri Mar 29 01:22:42 2019

Academic license - for non-commercial use only

Gurobi 8.0.1 (linux64, Python) logging started Fri Mar 29 01:22:58 2019

Academic license - for non-commercial use only

Gurobi 8.0.1 (linux64, Python) logging started Fri Mar 29 01:26:01 2019

Academic license - for non-commercial use only

Gurobi 8.0.1 (linux64, Python) logging started Fri Mar 29 01:29:16 2019

Academic license - for non-commercial use only

Gurobi 8.1.0 (linux64, Python) logging started Fri Mar 29 15:12:49 2019

Academic license - for non-commercial use only

Gurobi 8.1.0 (linux64, Python) logging started Fri Mar 29 15:25:00 2019

Academic license - for non-commercial use only

Gurobi 8.1.0 (linux64, Python) logging started Fri Mar 29 15:27:11 2019

Academic license - for non-commercial use only

Gurobi 8.1.0 (linux64, Python) logging started Fri Mar 29 16:50:36 2019

Academic license - for non-commercial use only

Gurobi 8.1.0 (linux64, Python) logging started Fri Mar 29 17:05:39 2019

Academic license - for non-commercial use only

Gurobi 8.1.0 (linux64, Python) logging started Fri Mar 29 20:21:38 2019

Academic license - for non-commercial use only

Gurobi 8.1.0 (linux64, Python) logging started Fri Mar 29 20:24:25 2019

Academic license - for non-commercial use only

Gurobi 8.1.0 (linux64, Python) logging started Fri Mar 29 20:25:03 2019

Academic license - for non-commercial use only

Gurobi 8.1.0 (linux64, Python) logging started Fri Mar 29 20:26:29 2019

Academic license - for non-commercial use only

Gurobi 8.1.0 (linux64, Python) logging started Fri Mar 29 20:27:52 2019

Academic license - for non-commercial use only

Gurobi 8.1.0 (linux64, Python) logging started Fri Mar 29 20:28:16 2019

Academic license - for non-commercial use only

Gurobi 8.1.0 (linux64, Python) logging started Fri Mar 29 20:33:09 2019

Academic license - for non-commercial use only

Gurobi 8.1.0 (linux64, Python) logging started Fri Mar 29 20:36:26 2019

Academic license - for non-commercial use only

Gurobi 8.1.0 (linux64, Python) logging started Fri Mar 29 20:37:52 2019

Academic license - for non-commercial use only

Gurobi 8.1.0 (linux64, Python) logging started Fri Mar 29 20:38:46 2019

Academic license - for non-commercial use only

Gurobi 8.1.0 (linux64, Python) logging started Fri Mar 29 20:41:00 2019

Academic license - for non-commercial use only

Gurobi 8.1.0 (linux64, Python) logging started Fri Mar 29 20:41:13 2019

Academic license - for non-commercial use only

Gurobi 8.1.0 (linux64, Python) logging started Fri Mar 29 20:42:46 2019

Academic license - for non-commercial use only

Gurobi 8.0.1 (linux64, Python) logging started Sat Mar 30 00:39:51 2019

Academic license - for non-commercial use only

Gurobi 8.0.1 (linux64, Python) logging started Sat Mar 30 00:42:54 2019

Academic license - for non-commercial use only

Gurobi 8.0.1 (linux64, Python) logging started Sat Mar 30 00:44:09 2019

Academic license - for non-commercial use only

Gurobi 8.0.1 (linux64, Python) logging started Sat Mar 30 00:47:55 2019

Academic license - for non-commercial use only

Gurobi 8.0.1 (linux64, Python) logging started Sat Mar 30 11:17:15 2019

Academic license - for non-commercial use only

Gurobi 8.0.1 (linux64, Python) logging started Sat Mar 30 11:42:01 2019

Academic license - for non-commercial use only

Gurobi 8.0.1 (linux64, Python) logging started Sat Mar 30 11:43:31 2019

Academic license - for non-commercial use only

Gurobi 8.0.1 (linux64, Python) logging started Sat Mar 30 15:55:42 2019

Academic license - for non-commercial use only

Gurobi 8.0.1 (linux64, Python) logging started Sat Mar 30 15:58:40 2019

Academic license - for non-commercial use only

Gurobi 8.0.1 (linux64, Python) logging started Sat Mar 30 16:43:34 2019

Academic license - for non-commercial use only

Gurobi 8.0.1 (linux64, Python) logging started Sat Mar 30 17:02:30 2019

Academic license - for non-commercial use only

Gurobi 8.0.1 (linux64, Python) logging started Sat Mar 30 17:06:53 2019

Academic license - for non-commercial use only

Gurobi 8.0.1 (linux64, Python) logging started Sat Mar 30 17:07:35 2019

Academic license - for non-commercial use only

Gurobi 8.0.1 (linux64, Python) logging started Sat Mar 30 17:13:35 2019

Academic license - for non-commercial use only

Gurobi 8.0.1 (linux64, Python) logging started Sat Mar 30 17:14:32 2019

Academic license - for non-commercial use only

Gurobi 8.0.1 (linux64, Python) logging started Sat Mar 30 17:15:35 2019

Academic license - for non-commercial use only

Gurobi 8.0.1 (linux64, Python) logging started Sat Mar 30 17:17:46 2019

Academic license - for non-commercial use only

Gurobi 8.0.1 (linux64, Python) logging started Sat Mar 30 17:18:04 2019

Academic license - for non-commercial use only

Gurobi 8.0.1 (linux64, Python) logging started Sat Mar 30 17:18:37 2019

Academic license - for non-commercial use only

Gurobi 8.0.1 (linux64, Python) logging started Sat Mar 30 17:20:22 2019

Academic license - for non-commercial use only

Gurobi 8.0.1 (linux64, Python) logging started Sat Mar 30 17:21:21 2019

Academic license - for non-commercial use only

Gurobi 8.0.1 (linux64, Python) logging started Sat Mar 30 17:22:36 2019

Academic license - for non-commercial use only

Gurobi 8.0.1 (linux64, Python) logging started Sat Mar 30 17:27:01 2019

Academic license - for non-commercial use only

Gurobi 8.0.1 (linux64, Python) logging started Sat Mar 30 17:30:19 2019

Academic license - for non-commercial use only

Gurobi 8.0.1 (linux64, Python) logging started Sat Mar 30 17:34:44 2019

Academic license - for non-commercial use only

Gurobi 8.0.1 (linux64, Python) logging started Sat Mar 30 17:36:18 2019

Academic license - for non-commercial use only

Gurobi 8.0.1 (linux64, Python) logging started Sat Mar 30 17:41:37 2019

Academic license - for non-commercial use only

Gurobi 8.0.1 (linux64, Python) logging started Sat Mar 30 17:44:10 2019

Academic license - for non-commercial use only

Gurobi 8.0.1 (linux64, Python) logging started Sat Mar 30 17:46:38 2019

Academic license - for non-commercial use only

Gurobi 8.0.1 (linux64, Python) logging started Sat Mar 30 17:50:44 2019

Academic license - for non-commercial use only

Gurobi 8.0.1 (linux64, Python) logging started Sat Mar 30 17:51:22 2019

Academic license - for non-commercial use only

Gurobi 8.0.1 (linux64, Python) logging started Sat Mar 30 18:04:08 2019

Academic license - for non-commercial use only

Gurobi 8.0.1 (linux64, Python) logging started Sat Mar 30 18:05:10 2019

Academic license - for non-commercial use only

Gurobi 8.0.1 (linux64, Python) logging started Sat Mar 30 18:16:07 2019

Academic license - for non-commercial use only

Gurobi 8.0.1 (linux64, Python) logging started Sat Mar 30 18:20:55 2019

Academic license - for non-commercial use only

Gurobi 8.0.1 (linux64, Python) logging started Sat Mar 30 18:28:09 2019

Academic license - for non-commercial use only

Gurobi 8.0.1 (linux64, Python) logging started Sat Mar 30 18:28:35 2019

Academic license - for non-commercial use only

Gurobi 8.0.1 (linux64, Python) logging started Sat Mar 30 18:36:55 2019

Academic license - for non-commercial use only

Gurobi 8.0.1 (linux64, Python) logging started Sat Mar 30 18:49:29 2019

Academic license - for non-commercial use only

Gurobi 8.0.1 (linux64, Python) logging started Sat Mar 30 18:50:29 2019

Academic license - for non-commercial use only

Gurobi 8.0.1 (linux64, Python) logging started Sat Mar 30 18:59:36 2019

Academic license - for non-commercial use only

Gurobi 8.0.1 (linux64, Python) logging started Sat Mar 30 19:04:33 2019

Academic license - for non-commercial use only

Gurobi 8.0.1 (linux64, Python) logging started Sat Mar 30 19:12:11 2019

Academic license - for non-commercial use only

Gurobi 8.0.1 (linux64, Python) logging started Sat Mar 30 19:13:11 2019

Academic license - for non-commercial use only

Gurobi 8.0.1 (linux64, Python) logging started Sat Mar 30 19:15:46 2019

Academic license - for non-commercial use only

Gurobi 8.0.1 (linux64, Python) logging started Sat Mar 30 19:16:59 2019

Academic license - for non-commercial use only

Gurobi 8.0.1 (linux64, Python) logging started Sat Mar 30 19:32:25 2019

Academic license - for non-commercial use only

Gurobi 8.0.1 (linux64, Python) logging started Sat Mar 30 20:01:44 2019

Academic license - for non-commercial use only

Gurobi 8.0.1 (linux64, Python) logging started Sat Mar 30 20:08:18 2019

Academic license - for non-commercial use only

Gurobi 8.0.1 (linux64, Python) logging started Sat Mar 30 20:12:23 2019

Academic license - for non-commercial use only

Gurobi 8.0.1 (linux64, Python) logging started Sat Mar 30 23:19:39 2019

Academic license - for non-commercial use only

Gurobi 8.0.1 (linux64, Python) logging started Sun Mar 31 01:19:04 2019

Academic license - for non-commercial use only

Gurobi 8.0.1 (linux64, Python) logging started Sun Mar 31 01:30:53 2019

Academic license - for non-commercial use only

Gurobi 8.0.1 (linux64, Python) logging started Sun Mar 31 01:38:50 2019

Academic license - for non-commercial use only

Gurobi 8.0.1 (linux64, Python) logging started Sun Mar 31 01:46:33 2019

Academic license - for non-commercial use only

Gurobi 8.1.0 (linux64, Python) logging started Mon Apr  1 18:17:34 2019

Academic license - for non-commercial use only

Gurobi 8.1.0 (linux64, Python) logging started Mon Apr  1 18:26:17 2019

Academic license - for non-commercial use only

Gurobi 8.1.0 (linux64, Python) logging started Wed May 15 12:21:18 2019

Academic license - for non-commercial use only

Gurobi 8.1.0 (linux64, Python) logging started Wed May 15 17:27:43 2019

Academic license - for non-commercial use only

Gurobi 8.1.0 (linux64, Python) logging started Wed May 15 18:45:43 2019

Academic license - for non-commercial use only

Gurobi 8.1.0 (linux64, Python) logging started Wed May 15 19:15:42 2019

Academic license - for non-commercial use only

Gurobi 8.1.0 (linux64, Python) logging started Wed May 15 19:15:56 2019

Academic license - for non-commercial use only

Gurobi 8.1.0 (linux64, Python) logging started Wed May 15 19:18:09 2019

Academic license - for non-commercial use only

Gurobi 8.1.0 (linux64, Python) logging started Wed May 15 19:19:03 2019

Academic license - for non-commercial use only

Gurobi 8.1.0 (linux64, Python) logging started Wed May 15 19:19:46 2019

Academic license - for non-commercial use only

Gurobi 8.1.0 (linux64, Python) logging started Wed May 15 19:20:33 2019

Academic license - for non-commercial use only

Gurobi 8.1.0 (linux64, Python) logging started Wed May 15 19:22:14 2019

Academic license - for non-commercial use only

Gurobi 8.1.0 (linux64, Python) logging started Wed May 15 19:22:59 2019

Academic license - for non-commercial use only

Gurobi 8.1.0 (linux64, Python) logging started Wed May 15 19:23:40 2019

Academic license - for non-commercial use only

Gurobi 8.1.0 (linux64, Python) logging started Wed May 15 19:23:59 2019

Academic license - for non-commercial use only

Gurobi 8.1.0 (linux64, Python) logging started Wed May 15 19:24:11 2019

Academic license - for non-commercial use only

Gurobi 8.1.0 (linux64, Python) logging started Wed May 15 19:24:49 2019

Academic license - for non-commercial use only

Gurobi 8.1.0 (linux64, Python) logging started Wed May 15 19:26:33 2019

Academic license - for non-commercial use only

Gurobi 8.1.0 (linux64, Python) logging started Wed May 15 19:26:50 2019

Academic license - for non-commercial use only

Gurobi 8.1.0 (linux64, Python) logging started Wed May 15 19:27:18 2019

Academic license - for non-commercial use only

Gurobi 8.1.0 (linux64, Python) logging started Wed May 15 19:28:46 2019

Academic license - for non-commercial use only

Gurobi 8.1.0 (linux64, Python) logging started Wed May 15 19:30:29 2019

Academic license - for non-commercial use only

Gurobi 8.1.0 (linux64, Python) logging started Wed May 15 20:40:09 2019

Academic license - for non-commercial use only

Gurobi 8.1.0 (linux64, Python) logging started Wed May 15 21:07:55 2019

Academic license - for non-commercial use only

Gurobi 8.1.0 (linux64, Python) logging started Wed May 15 21:36:32 2019

Academic license - for non-commercial use only

Gurobi 8.1.0 (linux64, Python) logging started Wed May 15 21:44:23 2019

Academic license - for non-commercial use only

Gurobi 8.1.0 (linux64, Python) logging started Wed May 15 21:46:49 2019

Academic license - for non-commercial use only

Gurobi 8.1.0 (linux64, Python) logging started Wed May 15 21:48:51 2019

Academic license - for non-commercial use only

Gurobi 8.1.0 (linux64, Python) logging started Wed May 15 21:52:28 2019

Academic license - for non-commercial use only

Gurobi 8.1.0 (linux64, Python) logging started Wed May 15 21:53:29 2019

Academic license - for non-commercial use only

Gurobi 8.1.0 (linux64, Python) logging started Wed May 15 22:02:43 2019

Academic license - for non-commercial use only

Gurobi 8.1.0 (linux64, Python) logging started Wed May 15 22:03:38 2019

Academic license - for non-commercial use only

Gurobi 8.1.0 (linux64, Python) logging started Thu May 16 14:54:52 2019

Academic license - for non-commercial use only

Gurobi 8.1.0 (linux64, Python) logging started Thu May 16 14:56:06 2019

Academic license - for non-commercial use only

Gurobi 8.1.0 (linux64, Python) logging started Thu May 16 14:57:02 2019

Academic license - for non-commercial use only

Gurobi 8.1.0 (linux64, Python) logging started Thu May 16 15:08:52 2019

Academic license - for non-commercial use only

Gurobi 8.1.0 (linux64, Python) logging started Thu May 16 15:10:28 2019

Academic license - for non-commercial use only

Gurobi 8.1.0 (linux64, Python) logging started Thu May 16 15:12:57 2019

Academic license - for non-commercial use only

Gurobi 8.1.0 (linux64, Python) logging started Thu May 16 15:13:35 2019

Academic license - for non-commercial use only

Gurobi 8.1.0 (linux64, Python) logging started Thu May 16 15:15:53 2019

Academic license - for non-commercial use only

Gurobi 8.1.0 (linux64, Python) logging started Thu May 16 16:16:35 2019

Academic license - for non-commercial use only

Gurobi 8.1.0 (linux64, Python) logging started Thu May 16 16:46:09 2019

Academic license - for non-commercial use only

Gurobi 8.1.0 (linux64, Python) logging started Thu May 16 16:47:14 2019

Academic license - for non-commercial use only

Gurobi 8.1.0 (linux64, Python) logging started Thu May 16 16:49:19 2019

Academic license - for non-commercial use only

Gurobi 8.1.0 (linux64, Python) logging started Thu May 16 16:51:08 2019

Academic license - for non-commercial use only

Gurobi 8.1.0 (linux64, Python) logging started Thu May 16 16:54:22 2019

Academic license - for non-commercial use only

Gurobi 8.1.0 (linux64, Python) logging started Thu May 16 16:58:07 2019

Academic license - for non-commercial use only

Gurobi 8.1.0 (linux64, Python) logging started Thu May 16 17:07:31 2019

Academic license - for non-commercial use only

Gurobi 8.1.0 (linux64, Python) logging started Thu May 16 17:11:52 2019

Academic license - for non-commercial use only

Gurobi 8.1.0 (linux64, Python) logging started Thu May 16 17:36:13 2019

Academic license - for non-commercial use only

Gurobi 8.1.0 (linux64, Python) logging started Thu May 16 17:39:16 2019

Academic license - for non-commercial use only

Gurobi 8.1.0 (linux64, Python) logging started Thu May 16 17:42:11 2019

Academic license - for non-commercial use only

Gurobi 8.1.0 (linux64, Python) logging started Thu May 16 18:04:50 2019

Academic license - for non-commercial use only

Gurobi 8.1.0 (linux64, Python) logging started Thu May 16 18:05:11 2019

Academic license - for non-commercial use only

Gurobi 8.1.0 (linux64, Python) logging started Thu May 16 18:31:03 2019

Academic license - for non-commercial use only

Gurobi 8.1.0 (linux64, Python) logging started Thu May 16 19:13:20 2019

Academic license - for non-commercial use only

Gurobi 8.1.0 (linux64, Python) logging started Thu May 16 21:28:01 2019

Academic license - for non-commercial use only

Gurobi 8.1.0 (linux64, Python) logging started Thu May 16 21:30:24 2019

Academic license - for non-commercial use only

Gurobi 8.1.0 (linux64, Python) logging started Thu May 16 21:31:03 2019

Academic license - for non-commercial use only

Gurobi 8.1.0 (linux64, Python) logging started Thu May 16 21:36:25 2019

Academic license - for non-commercial use only

Gurobi 8.1.0 (linux64, Python) logging started Thu May 16 21:38:13 2019

Academic license - for non-commercial use only

Gurobi 8.1.0 (linux64, Python) logging started Thu May 16 21:43:32 2019

Academic license - for non-commercial use only

Gurobi 8.1.0 (linux64, Python) logging started Thu May 16 21:44:06 2019

Academic license - for non-commercial use only

Gurobi 8.1.0 (linux64, Python) logging started Thu May 16 22:06:41 2019

Academic license - for non-commercial use only

Gurobi 8.1.0 (linux64, Python) logging started Thu May 16 22:07:43 2019

Academic license - for non-commercial use only

Gurobi 8.1.0 (linux64, Python) logging started Thu May 16 22:07:55 2019

Academic license - for non-commercial use only

Gurobi 8.1.0 (linux64, Python) logging started Thu May 16 22:26:57 2019

Academic license - for non-commercial use only

Gurobi 8.1.0 (linux64, Python) logging started Thu May 16 22:30:13 2019

Academic license - for non-commercial use only

Gurobi 8.1.0 (linux64, Python) logging started Thu May 16 22:31:50 2019

Academic license - for non-commercial use only

Gurobi 8.1.0 (linux64, Python) logging started Thu May 16 22:33:04 2019

Academic license - for non-commercial use only

Gurobi 8.1.0 (linux64, Python) logging started Thu May 16 22:34:32 2019

Academic license - for non-commercial use only

Gurobi 8.1.0 (linux64, Python) logging started Thu May 16 22:36:34 2019

Academic license - for non-commercial use only

Gurobi 8.1.0 (linux64, Python) logging started Thu May 16 22:39:59 2019

Academic license - for non-commercial use only

Gurobi 8.1.0 (linux64, Python) logging started Thu May 16 22:40:35 2019

Academic license - for non-commercial use only

Gurobi 8.1.0 (linux64, Python) logging started Thu May 16 22:40:59 2019

Academic license - for non-commercial use only

Gurobi 8.1.0 (linux64, Python) logging started Thu May 16 22:41:55 2019

Academic license - for non-commercial use only

Gurobi 8.1.0 (linux64, Python) logging started Thu May 16 22:43:04 2019

Academic license - for non-commercial use only

Gurobi 8.1.0 (linux64, Python) logging started Thu May 16 22:43:22 2019

Academic license - for non-commercial use only

Gurobi 8.1.0 (linux64, Python) logging started Thu May 16 22:44:08 2019

Academic license - for non-commercial use only

Gurobi 8.1.0 (linux64, Python) logging started Thu May 16 22:47:30 2019

Academic license - for non-commercial use only

Gurobi 8.1.0 (linux64, Python) logging started Thu May 16 22:48:08 2019

Academic license - for non-commercial use only

Gurobi 8.1.0 (linux64, Python) logging started Thu May 16 22:48:51 2019

Academic license - for non-commercial use only

Gurobi 8.1.0 (linux64, Python) logging started Thu May 16 22:49:39 2019

Academic license - for non-commercial use only

Gurobi 8.1.0 (linux64, Python) logging started Thu May 16 22:50:48 2019

Academic license - for non-commercial use only

Gurobi 8.1.0 (linux64, Python) logging started Fri May 17 10:33:28 2019

Academic license - for non-commercial use only

Gurobi 8.1.0 (linux64, Python) logging started Fri May 17 10:35:44 2019

Academic license - for non-commercial use only

Gurobi 8.1.0 (linux64, Python) logging started Fri May 17 10:38:42 2019

Academic license - for non-commercial use only

Gurobi 8.1.0 (linux64, Python) logging started Fri May 17 10:38:55 2019

Academic license - for non-commercial use only

Gurobi 8.1.0 (linux64, Python) logging started Fri May 17 10:40:11 2019

Academic license - for non-commercial use only

Gurobi 8.1.0 (linux64, Python) logging started Fri May 17 10:42:10 2019

Academic license - for non-commercial use only

Gurobi 8.1.0 (linux64, Python) logging started Fri May 17 10:45:16 2019

Academic license - for non-commercial use only

Gurobi 8.1.0 (linux64, Python) logging started Fri May 17 10:46:44 2019

Academic license - for non-commercial use only

Gurobi 8.1.0 (linux64, Python) logging started Fri May 17 10:47:27 2019

Academic license - for non-commercial use only

Gurobi 8.1.0 (linux64, Python) logging started Fri May 17 10:51:00 2019

Academic license - for non-commercial use only

Gurobi 8.1.0 (linux64, Python) logging started Fri May 17 15:59:45 2019

Academic license - for non-commercial use only

Gurobi 8.1.0 (linux64, Python) logging started Fri May 17 16:00:29 2019

Academic license - for non-commercial use only

Gurobi 8.1.0 (linux64, Python) logging started Fri May 17 16:00:58 2019

Academic license - for non-commercial use only

Gurobi 8.1.0 (linux64, Python) logging started Fri May 17 16:01:21 2019

Academic license - for non-commercial use only

Gurobi 8.1.0 (linux64, Python) logging started Fri May 17 16:01:59 2019

Academic license - for non-commercial use only

Gurobi 8.1.0 (linux64, Python) logging started Fri May 17 16:05:12 2019

Academic license - for non-commercial use only

Gurobi 8.1.0 (linux64, Python) logging started Fri May 17 16:08:38 2019

Academic license - for non-commercial use only

Gurobi 8.1.0 (linux64, Python) logging started Fri May 17 16:13:27 2019

Academic license - for non-commercial use only

Gurobi 8.1.0 (linux64, Python) logging started Fri May 17 16:14:55 2019

Academic license - for non-commercial use only

Gurobi 8.1.0 (linux64, Python) logging started Fri May 17 16:16:53 2019

Academic license - for non-commercial use only

Gurobi 8.1.0 (linux64, Python) logging started Fri May 17 16:17:09 2019

Academic license - for non-commercial use only

Gurobi 8.1.0 (linux64, Python) logging started Fri May 17 22:50:09 2019

Academic license - for non-commercial use only

Gurobi 8.1.1 (linux64, Python) logging started Fri May 17 22:56:35 2019

Academic license - for non-commercial use only

Gurobi 8.1.1 (linux64, Python) logging started Sat May 18 17:51:32 2019

Academic license - for non-commercial use only

Gurobi 8.1.1 (linux64, Python) logging started Sat May 18 22:24:05 2019

Academic license - for non-commercial use only

Gurobi 8.1.1 (linux64, Python) logging started Sun May 19 11:35:05 2019

Academic license - for non-commercial use only

Gurobi 8.1.1 (linux64, Python) logging started Sun May 19 13:50:12 2019

Academic license - for non-commercial use only

Gurobi 8.1.0 (linux64, Python) logging started Sun May 19 20:56:40 2019

Academic license - for non-commercial use only

Gurobi 8.1.0 (linux64, Python) logging started Sun May 19 20:57:49 2019

Academic license - for non-commercial use only

Gurobi 8.1.0 (linux64, Python) logging started Sun May 19 20:58:30 2019

Academic license - for non-commercial use only

Gurobi 8.1.1 (linux64, Python) logging started Sun May 19 20:59:52 2019

Academic license - for non-commercial use only

Gurobi 8.1.1 (linux64, Python) logging started Mon May 20 08:43:18 2019

Academic license - for non-commercial use only

Gurobi 8.1.1 (linux64, Python) logging started Wed May 22 14:07:13 2019

Academic license - for non-commercial use only

Gurobi 8.1.1 (linux64, Python) logging started Wed May 22 14:08:08 2019

Academic license - for non-commercial use only

Gurobi 8.1.1 (linux64, Python) logging started Wed May 22 14:21:41 2019

Academic license - for non-commercial use only

Gurobi 8.0.1 (linux64, Python) logging started Wed May 22 22:57:27 2019

Academic license - for non-commercial use only

Gurobi 8.0.1 (linux64, Python) logging started Wed May 22 23:03:47 2019

Academic license - for non-commercial use only

Gurobi 8.0.1 (linux64, Python) logging started Wed May 22 23:03:54 2019

Academic license - for non-commercial use only

Gurobi 8.0.1 (linux64, Python) logging started Wed May 22 23:20:02 2019

Academic license - for non-commercial use only

Gurobi 8.0.1 (linux64, Python) logging started Thu May 23 00:04:30 2019

Academic license - for non-commercial use only

Gurobi 8.0.1 (linux64, Python) logging started Thu May 23 01:49:44 2019

Academic license - for non-commercial use only

Gurobi 8.0.1 (linux64, Python) logging started Thu May 23 02:07:32 2019

Academic license - for non-commercial use only

Gurobi 8.0.1 (linux64, Python) logging started Thu May 23 02:18:45 2019

Academic license - for non-commercial use only

Gurobi 8.0.1 (linux64, Python) logging started Thu May 23 02:20:55 2019

Academic license - for non-commercial use only

Gurobi 8.0.1 (linux64, Python) logging started Thu May 23 02:21:36 2019

Academic license - for non-commercial use only

Gurobi 8.0.1 (linux64, Python) logging started Thu May 23 02:22:10 2019

Academic license - for non-commercial use only

Gurobi 8.0.1 (linux64, Python) logging started Thu May 23 02:25:25 2019

Academic license - for non-commercial use only

Gurobi 8.0.1 (linux64, Python) logging started Thu May 23 02:25:52 2019

Academic license - for non-commercial use only

Gurobi 8.0.1 (linux64, Python) logging started Thu May 23 02:27:25 2019

Academic license - for non-commercial use only

Gurobi 8.0.1 (linux64, Python) logging started Thu May 23 02:29:37 2019

Academic license - for non-commercial use only

Gurobi 8.0.1 (linux64, Python) logging started Thu May 23 02:34:37 2019

Academic license - for non-commercial use only

Gurobi 8.0.1 (linux64, Python) logging started Thu May 23 02:47:38 2019

Academic license - for non-commercial use only

Gurobi 8.0.1 (linux64, Python) logging started Thu May 23 02:50:30 2019

Academic license - for non-commercial use only

Gurobi 8.0.1 (linux64, Python) logging started Thu May 23 02:55:46 2019

Academic license - for non-commercial use only

Gurobi 8.0.1 (linux64, Python) logging started Thu May 23 03:05:15 2019

Academic license - for non-commercial use only

Gurobi 8.0.1 (linux64, Python) logging started Thu May 23 03:11:14 2019

Academic license - for non-commercial use only

Gurobi 8.0.1 (linux64, Python) logging started Thu May 23 03:12:32 2019

Academic license - for non-commercial use only

Gurobi 8.0.1 (linux64, Python) logging started Thu May 23 12:01:29 2019

Academic license - for non-commercial use only

Gurobi 8.0.1 (linux64, Python) logging started Thu May 23 12:01:48 2019

Academic license - for non-commercial use only

Gurobi 8.0.1 (linux64, Python) logging started Thu May 23 12:06:15 2019

Academic license - for non-commercial use only

Gurobi 8.0.1 (linux64, Python) logging started Thu May 23 12:06:42 2019

Academic license - for non-commercial use only

Gurobi 8.0.1 (linux64, Python) logging started Thu May 23 12:17:59 2019

Academic license - for non-commercial use only

Gurobi 8.0.1 (linux64, Python) logging started Thu May 23 12:48:06 2019

Academic license - for non-commercial use only

Gurobi 8.0.1 (linux64, Python) logging started Thu May 23 12:49:38 2019

Academic license - for non-commercial use only

Gurobi 8.0.1 (linux64, Python) logging started Thu May 23 12:50:29 2019

Academic license - for non-commercial use only

Gurobi 8.0.1 (linux64, Python) logging started Thu May 23 12:56:28 2019

Academic license - for non-commercial use only

Gurobi 8.0.1 (linux64, Python) logging started Thu May 23 12:57:04 2019

Academic license - for non-commercial use only

Gurobi 8.0.1 (linux64, Python) logging started Thu May 23 13:00:03 2019

Academic license - for non-commercial use only

Gurobi 8.0.1 (linux64, Python) logging started Thu May 23 13:03:57 2019

Academic license - for non-commercial use only

Gurobi 8.0.1 (linux64, Python) logging started Thu May 23 13:11:50 2019

Academic license - for non-commercial use only

Gurobi 8.0.1 (linux64, Python) logging started Thu May 23 13:12:45 2019

Academic license - for non-commercial use only

Gurobi 8.0.1 (linux64, Python) logging started Thu May 23 13:35:28 2019

Academic license - for non-commercial use only

Gurobi 8.0.1 (linux64, Python) logging started Thu May 23 13:36:38 2019

Academic license - for non-commercial use only

Gurobi 8.0.1 (linux64, Python) logging started Thu May 23 13:38:16 2019

Academic license - for non-commercial use only

Gurobi 8.0.1 (linux64, Python) logging started Thu May 23 13:39:38 2019

Academic license - for non-commercial use only

Gurobi 8.0.1 (linux64, Python) logging started Thu May 23 13:42:34 2019

Academic license - for non-commercial use only

Gurobi 8.0.1 (linux64, Python) logging started Thu May 23 13:53:06 2019

Academic license - for non-commercial use only

Gurobi 8.0.1 (linux64, Python) logging started Thu May 23 14:02:25 2019

Academic license - for non-commercial use only

Gurobi 8.0.1 (linux64, Python) logging started Thu May 23 14:04:40 2019

Academic license - for non-commercial use only

Gurobi 8.0.1 (linux64, Python) logging started Thu May 23 14:09:49 2019

Academic license - for non-commercial use only

Gurobi 8.0.1 (linux64, Python) logging started Thu May 23 14:14:24 2019

Academic license - for non-commercial use only

Gurobi 8.0.1 (linux64, Python) logging started Thu May 23 14:25:25 2019

Academic license - for non-commercial use only

Gurobi 8.0.1 (linux64, Python) logging started Thu May 23 14:35:59 2019

Academic license - for non-commercial use only

Gurobi 8.0.1 (linux64, Python) logging started Thu May 23 14:36:33 2019

Academic license - for non-commercial use only

Gurobi 8.0.1 (linux64, Python) logging started Thu May 23 14:37:24 2019

Academic license - for non-commercial use only

Gurobi 8.0.1 (linux64, Python) logging started Thu May 23 14:38:32 2019

Academic license - for non-commercial use only

Gurobi 8.0.1 (linux64, Python) logging started Thu May 23 14:42:30 2019

Academic license - for non-commercial use only

Gurobi 8.0.1 (linux64, Python) logging started Thu May 23 14:43:45 2019

Academic license - for non-commercial use only

Gurobi 8.0.1 (linux64, Python) logging started Thu May 23 14:44:36 2019

Academic license - for non-commercial use only

Gurobi 8.0.1 (linux64, Python) logging started Thu May 23 14:47:14 2019

Academic license - for non-commercial use only

Gurobi 8.0.1 (linux64, Python) logging started Thu May 23 15:05:02 2019

Academic license - for non-commercial use only

Gurobi 8.0.1 (linux64, Python) logging started Thu May 23 16:25:52 2019

Academic license - for non-commercial use only

Gurobi 8.0.1 (linux64, Python) logging started Thu May 23 16:26:28 2019

Academic license - for non-commercial use only

Gurobi 8.0.1 (linux64, Python) logging started Thu May 23 16:29:03 2019

Academic license - for non-commercial use only

Gurobi 8.0.1 (linux64, Python) logging started Thu May 23 16:30:46 2019

Academic license - for non-commercial use only

Gurobi 8.0.1 (linux64, Python) logging started Thu May 23 16:30:58 2019

Academic license - for non-commercial use only

Gurobi 8.0.1 (linux64, Python) logging started Thu May 23 16:31:10 2019

Academic license - for non-commercial use only

Gurobi 8.0.1 (linux64, Python) logging started Thu May 23 16:42:43 2019

Academic license - for non-commercial use only

Gurobi 8.0.1 (linux64, Python) logging started Thu May 23 16:47:35 2019

Academic license - for non-commercial use only

Gurobi 8.0.1 (linux64, Python) logging started Thu May 23 16:51:15 2019

Academic license - for non-commercial use only

Gurobi 8.0.1 (linux64, Python) logging started Thu May 23 17:04:08 2019

Academic license - for non-commercial use only

Gurobi 8.0.1 (linux64, Python) logging started Thu May 23 17:07:07 2019

Academic license - for non-commercial use only

Gurobi 8.0.1 (linux64, Python) logging started Thu May 23 17:10:03 2019

Academic license - for non-commercial use only

Gurobi 8.0.1 (linux64, Python) logging started Thu May 23 17:16:25 2019

Academic license - for non-commercial use only

Gurobi 8.0.1 (linux64, Python) logging started Thu May 23 17:18:12 2019

Academic license - for non-commercial use only

Gurobi 8.0.1 (linux64, Python) logging started Thu May 23 17:19:51 2019

Academic license - for non-commercial use only

Gurobi 8.0.1 (linux64, Python) logging started Thu May 23 17:23:06 2019

Academic license - for non-commercial use only

Gurobi 8.0.1 (linux64, Python) logging started Thu May 23 17:23:17 2019

Academic license - for non-commercial use only

Gurobi 8.0.1 (linux64, Python) logging started Thu May 23 17:24:17 2019

Academic license - for non-commercial use only

Gurobi 8.0.1 (linux64, Python) logging started Thu May 23 17:25:04 2019

Academic license - for non-commercial use only

Gurobi 8.0.1 (linux64, Python) logging started Thu May 23 17:29:26 2019

Academic license - for non-commercial use only

Gurobi 8.0.1 (linux64, Python) logging started Thu May 23 17:30:17 2019

Academic license - for non-commercial use only

Gurobi 8.0.1 (linux64, Python) logging started Thu May 23 17:32:41 2019

Academic license - for non-commercial use only

Gurobi 8.0.1 (linux64, Python) logging started Thu May 23 17:34:58 2019

Academic license - for non-commercial use only

Gurobi 8.0.1 (linux64, Python) logging started Thu May 23 17:36:47 2019

Academic license - for non-commercial use only

Gurobi 8.0.1 (linux64, Python) logging started Thu May 23 17:40:13 2019

Academic license - for non-commercial use only

Gurobi 8.0.1 (linux64, Python) logging started Thu May 23 17:45:06 2019

Academic license - for non-commercial use only

Gurobi 8.0.1 (linux64, Python) logging started Thu May 23 17:47:14 2019

Academic license - for non-commercial use only

Gurobi 8.0.1 (linux64, Python) logging started Thu May 23 17:49:22 2019

Academic license - for non-commercial use only

Gurobi 8.0.1 (linux64, Python) logging started Thu May 23 17:51:40 2019

Academic license - for non-commercial use only

Gurobi 8.0.1 (linux64, Python) logging started Thu May 23 17:59:06 2019

Academic license - for non-commercial use only

Gurobi 8.0.1 (linux64, Python) logging started Thu May 23 17:59:58 2019

Academic license - for non-commercial use only

Gurobi 8.0.1 (linux64, Python) logging started Thu May 23 18:02:16 2019

Academic license - for non-commercial use only

Gurobi 8.0.1 (linux64, Python) logging started Thu May 23 18:06:57 2019

Academic license - for non-commercial use only

Gurobi 8.0.1 (linux64, Python) logging started Thu May 23 18:08:57 2019

Academic license - for non-commercial use only

Gurobi 8.0.1 (linux64, Python) logging started Thu May 23 18:11:16 2019

Academic license - for non-commercial use only

Gurobi 8.0.1 (linux64, Python) logging started Thu May 23 18:14:45 2019

Academic license - for non-commercial use only

Gurobi 8.0.1 (linux64, Python) logging started Thu May 23 18:15:50 2019

Academic license - for non-commercial use only

Gurobi 8.0.1 (linux64, Python) logging started Thu May 23 18:20:18 2019

Academic license - for non-commercial use only

Gurobi 8.0.1 (linux64, Python) logging started Thu May 23 18:22:33 2019

Academic license - for non-commercial use only

Gurobi 8.0.1 (linux64, Python) logging started Thu May 23 18:33:25 2019

Academic license - for non-commercial use only

Gurobi 8.0.1 (linux64, Python) logging started Thu May 23 18:35:20 2019

Academic license - for non-commercial use only

Gurobi 8.0.1 (linux64, Python) logging started Thu May 23 18:36:24 2019

Academic license - for non-commercial use only

Gurobi 8.0.1 (linux64, Python) logging started Thu May 23 18:38:08 2019

Academic license - for non-commercial use only

Gurobi 8.0.1 (linux64, Python) logging started Thu May 23 18:40:19 2019

Academic license - for non-commercial use only

Gurobi 8.0.1 (linux64, Python) logging started Thu May 23 18:42:21 2019

Academic license - for non-commercial use only

Gurobi 8.0.1 (linux64, Python) logging started Thu May 23 18:48:42 2019

Academic license - for non-commercial use only

Gurobi 8.0.1 (linux64, Python) logging started Thu May 23 18:51:25 2019

Academic license - for non-commercial use only

Gurobi 8.0.1 (linux64, Python) logging started Thu May 23 18:53:25 2019

Academic license - for non-commercial use only

Gurobi 8.0.1 (linux64, Python) logging started Thu May 23 21:19:28 2019

Academic license - for non-commercial use only

Gurobi 8.0.1 (linux64, Python) logging started Thu May 23 21:21:27 2019

Academic license - for non-commercial use only

Gurobi 8.0.1 (linux64, Python) logging started Thu May 23 21:39:04 2019

Academic license - for non-commercial use only

Gurobi 8.0.1 (linux64, Python) logging started Thu May 23 21:41:07 2019

Academic license - for non-commercial use only

Gurobi 8.0.1 (linux64, Python) logging started Thu May 23 21:43:04 2019

Academic license - for non-commercial use only

Gurobi 8.0.1 (linux64, Python) logging started Thu May 23 21:45:13 2019

Academic license - for non-commercial use only

Gurobi 8.0.1 (linux64, Python) logging started Thu May 23 21:46:23 2019

Academic license - for non-commercial use only

Gurobi 8.0.1 (linux64, Python) logging started Thu May 23 21:53:03 2019

Academic license - for non-commercial use only

Gurobi 8.0.1 (linux64, Python) logging started Thu May 23 21:59:54 2019

Academic license - for non-commercial use only

Gurobi 8.0.1 (linux64, Python) logging started Thu May 23 22:01:42 2019

Academic license - for non-commercial use only

Gurobi 8.0.1 (linux64, Python) logging started Thu May 23 22:07:30 2019

Academic license - for non-commercial use only

Gurobi 8.0.1 (linux64, Python) logging started Thu May 23 22:08:02 2019

Academic license - for non-commercial use only

Gurobi 8.0.1 (linux64, Python) logging started Thu May 23 22:17:06 2019

Academic license - for non-commercial use only

Gurobi 8.0.1 (linux64, Python) logging started Thu May 23 22:23:20 2019

Academic license - for non-commercial use only

Gurobi 8.0.1 (linux64, Python) logging started Thu May 23 22:23:32 2019

Academic license - for non-commercial use only

Gurobi 8.0.1 (linux64, Python) logging started Thu May 23 22:58:36 2019

Academic license - for non-commercial use only

Gurobi 8.0.1 (linux64, Python) logging started Thu May 23 23:19:24 2019

Academic license - for non-commercial use only

Gurobi 8.0.1 (linux64, Python) logging started Thu May 23 23:29:40 2019

Academic license - for non-commercial use only

Gurobi 8.0.1 (linux64, Python) logging started Thu May 23 23:30:04 2019

Academic license - for non-commercial use only

Gurobi 8.0.1 (linux64, Python) logging started Thu May 23 23:39:29 2019

Academic license - for non-commercial use only

Gurobi 8.0.1 (linux64, Python) logging started Thu May 23 23:39:40 2019

Academic license - for non-commercial use only

Gurobi 8.0.1 (linux64, Python) logging started Thu May 23 23:39:56 2019

Academic license - for non-commercial use only

Gurobi 8.0.1 (linux64, Python) logging started Thu May 23 23:40:57 2019

Academic license - for non-commercial use only

Gurobi 8.0.1 (linux64, Python) logging started Thu May 23 23:41:33 2019

Academic license - for non-commercial use only

Gurobi 8.0.1 (linux64, Python) logging started Thu May 23 23:51:20 2019

Academic license - for non-commercial use only

Gurobi 8.0.1 (linux64, Python) logging started Thu May 23 23:56:55 2019

Academic license - for non-commercial use only

Gurobi 8.0.1 (linux64, Python) logging started Thu May 23 23:59:31 2019

Academic license - for non-commercial use only

Gurobi 8.0.1 (linux64, Python) logging started Fri May 24 00:27:15 2019

Academic license - for non-commercial use only

Gurobi 8.0.1 (linux64, Python) logging started Fri May 24 00:27:57 2019

Academic license - for non-commercial use only

Gurobi 8.0.1 (linux64, Python) logging started Fri May 24 00:29:26 2019

Academic license - for non-commercial use only

Gurobi 8.0.1 (linux64, Python) logging started Fri May 24 00:29:41 2019

Academic license - for non-commercial use only

Gurobi 8.0.1 (linux64, Python) logging started Fri May 24 00:32:48 2019

Academic license - for non-commercial use only

Gurobi 8.0.1 (linux64, Python) logging started Fri May 24 00:34:54 2019

Academic license - for non-commercial use only

Gurobi 8.0.1 (linux64, Python) logging started Fri May 24 00:35:38 2019

Academic license - for non-commercial use only

Gurobi 8.0.1 (linux64, Python) logging started Fri May 24 01:02:23 2019

Academic license - for non-commercial use only

Gurobi 8.0.1 (linux64, Python) logging started Fri May 24 01:37:20 2019

Academic license - for non-commercial use only

Gurobi 8.0.1 (linux64, Python) logging started Fri May 24 01:54:44 2019

Academic license - for non-commercial use only

Gurobi 8.1.1 (linux64, Python) logging started Fri May 24 11:20:51 2019

Academic license - for non-commercial use only

Gurobi 8.1.1 (linux64, Python) logging started Fri May 24 11:20:55 2019

Academic license - for non-commercial use only

Gurobi 8.0.1 (linux64, Python) logging started Sat May 25 00:08:48 2019

Academic license - for non-commercial use only

Gurobi 8.0.1 (linux64, Python) logging started Sat May 25 00:15:02 2019

Academic license - for non-commercial use only

Gurobi 8.0.1 (linux64, Python) logging started Sat May 25 00:23:21 2019

Academic license - for non-commercial use only

Gurobi 8.0.1 (linux64, Python) logging started Sat May 25 01:35:57 2019

Academic license - for non-commercial use only

Gurobi 8.0.1 (linux64, Python) logging started Sat May 25 01:47:54 2019

Academic license - for non-commercial use only

Gurobi 8.0.1 (linux64, Python) logging started Sat May 25 02:58:29 2019

Academic license - for non-commercial use only

Gurobi 8.0.1 (linux64, Python) logging started Sat May 25 03:03:34 2019

Academic license - for non-commercial use only

Gurobi 8.0.1 (linux64, Python) logging started Sat May 25 11:10:19 2019

Academic license - for non-commercial use only

Gurobi 8.0.1 (linux64, Python) logging started Sat May 25 11:17:13 2019

Academic license - for non-commercial use only

Gurobi 8.0.1 (linux64, Python) logging started Sat May 25 11:24:07 2019

Academic license - for non-commercial use only

Gurobi 8.0.1 (linux64, Python) logging started Sat May 25 16:33:28 2019

Academic license - for non-commercial use only

Gurobi 8.0.1 (linux64, Python) logging started Sat May 25 17:43:39 2019

Academic license - for non-commercial use only

Gurobi 8.0.1 (linux64, Python) logging started Sat May 25 18:00:35 2019

Academic license - for non-commercial use only

Gurobi 8.0.1 (linux64, Python) logging started Sat May 25 18:01:18 2019

Academic license - for non-commercial use only

Gurobi 8.0.1 (linux64, Python) logging started Sat May 25 18:15:58 2019

Academic license - for non-commercial use only

Gurobi 8.0.1 (linux64, Python) logging started Sat May 25 18:36:23 2019

Academic license - for non-commercial use only

Gurobi 8.0.1 (linux64, Python) logging started Sat May 25 18:38:12 2019

Academic license - for non-commercial use only

Gurobi 8.0.1 (linux64, Python) logging started Sat May 25 18:40:17 2019

Academic license - for non-commercial use only

Gurobi 8.0.1 (linux64, Python) logging started Sat May 25 18:43:08 2019

Academic license - for non-commercial use only

Gurobi 8.0.1 (linux64, Python) logging started Sat May 25 19:24:58 2019

Academic license - for non-commercial use only

Gurobi 8.0.1 (linux64, Python) logging started Sat May 25 19:32:00 2019

Academic license - for non-commercial use only

Gurobi 8.0.1 (linux64, Python) logging started Sat May 25 19:34:33 2019

Academic license - for non-commercial use only

Gurobi 8.0.1 (linux64, Python) logging started Sat May 25 19:41:42 2019

Academic license - for non-commercial use only

Gurobi 8.0.1 (linux64, Python) logging started Sat May 25 19:42:28 2019

Academic license - for non-commercial use only

Gurobi 8.0.1 (linux64, Python) logging started Sat May 25 19:43:51 2019

Academic license - for non-commercial use only

Gurobi 8.0.1 (linux64, Python) logging started Sat May 25 19:48:39 2019

Academic license - for non-commercial use only

Gurobi 8.0.1 (linux64, Python) logging started Sat May 25 19:49:14 2019

Academic license - for non-commercial use only

Gurobi 8.0.1 (linux64, Python) logging started Sat May 25 19:49:52 2019

Academic license - for non-commercial use only

Gurobi 8.0.1 (linux64, Python) logging started Sat May 25 19:50:20 2019

Academic license - for non-commercial use only

Gurobi 8.0.1 (linux64, Python) logging started Sat May 25 19:51:58 2019

Academic license - for non-commercial use only

Gurobi 8.0.1 (linux64, Python) logging started Sat May 25 19:55:23 2019

Academic license - for non-commercial use only

Gurobi 8.0.1 (linux64, Python) logging started Sat May 25 19:55:58 2019

Academic license - for non-commercial use only

Gurobi 8.0.1 (linux64, Python) logging started Sat May 25 19:58:35 2019

Academic license - for non-commercial use only

Gurobi 8.0.1 (linux64, Python) logging started Sat May 25 19:59:00 2019

Academic license - for non-commercial use only

Gurobi 8.0.1 (linux64, Python) logging started Sat May 25 20:12:53 2019

Academic license - for non-commercial use only

Gurobi 8.0.1 (linux64, Python) logging started Sat May 25 20:13:27 2019

Academic license - for non-commercial use only

Gurobi 8.0.1 (linux64, Python) logging started Sat May 25 20:16:05 2019

Academic license - for non-commercial use only

Gurobi 8.0.1 (linux64, Python) logging started Sat May 25 20:17:09 2019

Academic license - for non-commercial use only

Gurobi 8.0.1 (linux64, Python) logging started Sat May 25 20:17:37 2019

Academic license - for non-commercial use only

Gurobi 8.0.1 (linux64, Python) logging started Sat May 25 21:50:23 2019

Academic license - for non-commercial use only

Gurobi 8.0.1 (linux64, Python) logging started Sat May 25 21:51:20 2019

Academic license - for non-commercial use only

Gurobi 8.0.1 (linux64, Python) logging started Sat May 25 22:01:12 2019

Academic license - for non-commercial use only

Gurobi 8.0.1 (linux64, Python) logging started Sat May 25 22:05:08 2019

Academic license - for non-commercial use only

Gurobi 8.0.1 (linux64, Python) logging started Sat May 25 22:05:39 2019

Academic license - for non-commercial use only

Gurobi 8.0.1 (linux64, Python) logging started Sat May 25 22:05:58 2019

Academic license - for non-commercial use only

Gurobi 8.0.1 (linux64, Python) logging started Sat May 25 22:08:01 2019

Academic license - for non-commercial use only

Gurobi 8.0.1 (linux64, Python) logging started Sat May 25 22:11:58 2019

Academic license - for non-commercial use only

Gurobi 8.0.1 (linux64, Python) logging started Sat May 25 22:12:30 2019

Academic license - for non-commercial use only

Gurobi 8.0.1 (linux64, Python) logging started Sat May 25 22:14:22 2019

Academic license - for non-commercial use only

Gurobi 8.0.1 (linux64, Python) logging started Sat May 25 22:22:02 2019

Academic license - for non-commercial use only

Gurobi 8.0.1 (linux64, Python) logging started Sat May 25 22:23:30 2019

Academic license - for non-commercial use only

Gurobi 8.0.1 (linux64, Python) logging started Sat May 25 22:23:44 2019

Academic license - for non-commercial use only

Gurobi 8.0.1 (linux64, Python) logging started Sat May 25 22:24:57 2019

Academic license - for non-commercial use only

Gurobi 8.0.1 (linux64, Python) logging started Sat May 25 22:25:05 2019

Academic license - for non-commercial use only

Gurobi 8.0.1 (linux64, Python) logging started Sat May 25 22:25:54 2019

Academic license - for non-commercial use only

Gurobi 8.0.1 (linux64, Python) logging started Sat May 25 22:26:26 2019

Academic license - for non-commercial use only

Gurobi 8.0.1 (linux64, Python) logging started Sat May 25 22:27:34 2019

Academic license - for non-commercial use only

Gurobi 8.0.1 (linux64, Python) logging started Sat May 25 22:28:18 2019

Academic license - for non-commercial use only

Gurobi 8.0.1 (linux64, Python) logging started Sat May 25 22:30:42 2019

Academic license - for non-commercial use only

Gurobi 8.0.1 (linux64, Python) logging started Sat May 25 22:38:34 2019

Academic license - for non-commercial use only

Gurobi 8.0.1 (linux64, Python) logging started Sat May 25 23:23:14 2019

Academic license - for non-commercial use only

Gurobi 8.0.1 (linux64, Python) logging started Sun May 26 00:01:17 2019

Academic license - for non-commercial use only

Gurobi 8.0.1 (linux64, Python) logging started Sun May 26 00:32:06 2019

Academic license - for non-commercial use only

Gurobi 8.0.1 (linux64, Python) logging started Sun May 26 00:33:07 2019

Academic license - for non-commercial use only

Gurobi 8.0.1 (linux64, Python) logging started Sun May 26 00:45:19 2019

Academic license - for non-commercial use only

Gurobi 8.0.1 (linux64, Python) logging started Sun May 26 00:46:00 2019

Academic license - for non-commercial use only

Gurobi 8.0.1 (linux64, Python) logging started Sun May 26 00:46:26 2019

Academic license - for non-commercial use only

Gurobi 8.0.1 (linux64, Python) logging started Sun May 26 00:48:26 2019

Academic license - for non-commercial use only

Gurobi 8.0.1 (linux64, Python) logging started Sun May 26 00:49:49 2019

Academic license - for non-commercial use only

Gurobi 8.0.1 (linux64, Python) logging started Sun May 26 00:51:21 2019

Academic license - for non-commercial use only

Gurobi 8.0.1 (linux64, Python) logging started Sun May 26 00:52:10 2019

Academic license - for non-commercial use only

Gurobi 8.0.1 (linux64, Python) logging started Sun May 26 00:52:44 2019

Academic license - for non-commercial use only

Gurobi 8.0.1 (linux64, Python) logging started Sun May 26 00:54:12 2019

Academic license - for non-commercial use only

Gurobi 8.0.1 (linux64, Python) logging started Sun May 26 00:55:20 2019

Academic license - for non-commercial use only

Gurobi 8.0.1 (linux64, Python) logging started Sun May 26 00:55:45 2019

Academic license - for non-commercial use only

Gurobi 8.0.1 (linux64, Python) logging started Sun May 26 00:56:00 2019

Academic license - for non-commercial use only

Gurobi 8.0.1 (linux64, Python) logging started Sun May 26 00:56:31 2019

Academic license - for non-commercial use only

Gurobi 8.0.1 (linux64, Python) logging started Sun May 26 00:58:10 2019

Academic license - for non-commercial use only

Gurobi 8.0.1 (linux64, Python) logging started Sun May 26 00:58:52 2019

Academic license - for non-commercial use only

Gurobi 8.0.1 (linux64, Python) logging started Sun May 26 00:59:45 2019

Academic license - for non-commercial use only

Gurobi 8.0.1 (linux64, Python) logging started Sun May 26 01:00:56 2019

Academic license - for non-commercial use only

Gurobi 8.0.1 (linux64, Python) logging started Sun May 26 01:04:48 2019

Academic license - for non-commercial use only

Gurobi 8.0.1 (linux64, Python) logging started Sun May 26 01:22:13 2019

Academic license - for non-commercial use only

Gurobi 8.0.1 (linux64, Python) logging started Sun May 26 01:50:45 2019

Academic license - for non-commercial use only

Gurobi 8.0.1 (linux64, Python) logging started Sun May 26 01:50:57 2019

Academic license - for non-commercial use only

Gurobi 8.0.1 (linux64, Python) logging started Sun May 26 01:53:30 2019

Academic license - for non-commercial use only

Gurobi 8.0.1 (linux64, Python) logging started Sun May 26 01:53:35 2019

Academic license - for non-commercial use only

Gurobi 8.0.1 (linux64, Python) logging started Sun May 26 10:03:34 2019

Academic license - for non-commercial use only

Gurobi 8.0.1 (linux64, Python) logging started Sun May 26 10:05:17 2019

Academic license - for non-commercial use only

Gurobi 8.0.1 (linux64, Python) logging started Sun May 26 10:07:22 2019

Academic license - for non-commercial use only

Gurobi 8.0.1 (linux64, Python) logging started Sun May 26 10:08:15 2019

Academic license - for non-commercial use only

Gurobi 8.0.1 (linux64, Python) logging started Sun May 26 10:10:38 2019

Academic license - for non-commercial use only

Gurobi 8.0.1 (linux64, Python) logging started Sun May 26 10:11:18 2019

Academic license - for non-commercial use only

Gurobi 8.0.1 (linux64, Python) logging started Sun May 26 10:12:30 2019

Academic license - for non-commercial use only

Gurobi 8.0.1 (linux64, Python) logging started Sun May 26 10:12:47 2019

Academic license - for non-commercial use only

Gurobi 8.0.1 (linux64, Python) logging started Sun May 26 10:16:39 2019

Academic license - for non-commercial use only

Gurobi 8.0.1 (linux64, Python) logging started Sun May 26 10:16:50 2019

Academic license - for non-commercial use only

Gurobi 8.0.1 (linux64, Python) logging started Sun May 26 10:28:23 2019

Academic license - for non-commercial use only

Gurobi 8.0.1 (linux64, Python) logging started Sun May 26 10:28:25 2019

Academic license - for non-commercial use only

Gurobi 8.0.1 (linux64, Python) logging started Sun May 26 10:28:42 2019

Academic license - for non-commercial use only

Gurobi 8.0.1 (linux64, Python) logging started Sun May 26 10:28:43 2019

Academic license - for non-commercial use only

Gurobi 8.0.1 (linux64, Python) logging started Sun May 26 10:33:12 2019

Academic license - for non-commercial use only

Gurobi 8.0.1 (linux64, Python) logging started Sun May 26 10:33:13 2019

Academic license - for non-commercial use only

Gurobi 8.0.1 (linux64, Python) logging started Sun May 26 10:33:48 2019

Academic license - for non-commercial use only

Gurobi 8.0.1 (linux64, Python) logging started Sun May 26 10:33:49 2019

Academic license - for non-commercial use only

Gurobi 8.0.1 (linux64, Python) logging started Sun May 26 11:16:11 2019

Academic license - for non-commercial use only

Gurobi 8.0.1 (linux64, Python) logging started Sun May 26 11:16:47 2019

Academic license - for non-commercial use only

Gurobi 8.0.1 (linux64, Python) logging started Sun May 26 11:18:48 2019

Academic license - for non-commercial use only

Gurobi 8.0.1 (linux64, Python) logging started Sun May 26 11:19:52 2019

Academic license - for non-commercial use only

Gurobi 8.0.1 (linux64, Python) logging started Sun May 26 11:19:52 2019

Academic license - for non-commercial use only

Gurobi 8.0.1 (linux64, Python) logging started Sun May 26 11:27:11 2019

Academic license - for non-commercial use only

Gurobi 8.0.1 (linux64, Python) logging started Sun May 26 11:27:12 2019

Academic license - for non-commercial use only

Gurobi 8.0.1 (linux64, Python) logging started Sun May 26 11:27:52 2019

Academic license - for non-commercial use only

Gurobi 8.0.1 (linux64, Python) logging started Sun May 26 11:27:53 2019

Academic license - for non-commercial use only

Gurobi 8.0.1 (linux64, Python) logging started Sun May 26 11:28:01 2019

Academic license - for non-commercial use only

Gurobi 8.0.1 (linux64, Python) logging started Sun May 26 11:28:01 2019

Academic license - for non-commercial use only

Gurobi 8.0.1 (linux64, Python) logging started Sun May 26 11:30:37 2019

Academic license - for non-commercial use only

Gurobi 8.0.1 (linux64, Python) logging started Sun May 26 11:30:39 2019

Academic license - for non-commercial use only

Gurobi 8.0.1 (linux64, Python) logging started Sun May 26 12:09:46 2019

Academic license - for non-commercial use only

Gurobi 8.0.1 (linux64, Python) logging started Sun May 26 12:09:48 2019

Academic license - for non-commercial use only

Gurobi 8.0.1 (linux64, Python) logging started Sun May 26 12:10:29 2019

Academic license - for non-commercial use only

Gurobi 8.0.1 (linux64, Python) logging started Sun May 26 12:11:19 2019

Academic license - for non-commercial use only

Gurobi 8.0.1 (linux64, Python) logging started Sun May 26 12:11:21 2019

Academic license - for non-commercial use only

Gurobi 8.0.1 (linux64, Python) logging started Sun May 26 12:18:55 2019

Academic license - for non-commercial use only

Gurobi 8.0.1 (linux64, Python) logging started Sun May 26 12:18:57 2019

Academic license - for non-commercial use only

Gurobi 8.0.1 (linux64, Python) logging started Sun May 26 12:21:48 2019

Academic license - for non-commercial use only

Gurobi 8.0.1 (linux64, Python) logging started Sun May 26 13:15:10 2019

Academic license - for non-commercial use only

Gurobi 8.0.1 (linux64, Python) logging started Sun May 26 13:15:15 2019

Academic license - for non-commercial use only

Gurobi 8.0.1 (linux64, Python) logging started Sun May 26 13:17:46 2019

Academic license - for non-commercial use only

Gurobi 8.0.1 (linux64, Python) logging started Sun May 26 13:17:49 2019

Academic license - for non-commercial use only

Gurobi 8.0.1 (linux64, Python) logging started Sun May 26 17:02:29 2019

Academic license - for non-commercial use only

Gurobi 8.0.1 (linux64, Python) logging started Sun May 26 17:02:31 2019

Academic license - for non-commercial use only

Gurobi 8.0.1 (linux64, Python) logging started Sun May 26 17:03:42 2019

Academic license - for non-commercial use only

Gurobi 8.0.1 (linux64, Python) logging started Sun May 26 17:03:43 2019

Academic license - for non-commercial use only

Gurobi 8.0.1 (linux64, Python) logging started Sun May 26 17:04:04 2019

Academic license - for non-commercial use only

Gurobi 8.0.1 (linux64, Python) logging started Sun May 26 17:04:07 2019

Academic license - for non-commercial use only

Gurobi 8.0.1 (linux64, Python) logging started Sun May 26 17:39:26 2019

Academic license - for non-commercial use only

Gurobi 8.0.1 (linux64, Python) logging started Sun May 26 17:39:27 2019

Academic license - for non-commercial use only

Gurobi 8.0.1 (linux64, Python) logging started Sun May 26 17:47:03 2019

Academic license - for non-commercial use only

Gurobi 8.0.1 (linux64, Python) logging started Sun May 26 17:47:11 2019

Academic license - for non-commercial use only

Gurobi 8.0.1 (linux64, Python) logging started Sun May 26 18:06:51 2019

Academic license - for non-commercial use only

Gurobi 8.0.1 (linux64, Python) logging started Sun May 26 18:06:53 2019

Academic license - for non-commercial use only

Gurobi 8.0.1 (linux64, Python) logging started Sun May 26 18:40:13 2019

Academic license - for non-commercial use only

Gurobi 8.0.1 (linux64, Python) logging started Sun May 26 19:32:39 2019

Academic license - for non-commercial use only

Gurobi 8.0.1 (linux64, Python) logging started Sun May 26 19:32:49 2019

Academic license - for non-commercial use only

Gurobi 8.0.1 (linux64, Python) logging started Sun May 26 19:34:52 2019

Academic license - for non-commercial use only

Gurobi 8.0.1 (linux64, Python) logging started Sun May 26 19:35:59 2019

Academic license - for non-commercial use only

Gurobi 8.0.1 (linux64, Python) logging started Sun May 26 19:36:01 2019

Academic license - for non-commercial use only

Gurobi 8.0.1 (linux64, Python) logging started Sun May 26 19:38:33 2019

Academic license - for non-commercial use only

Gurobi 8.0.1 (linux64, Python) logging started Sun May 26 19:38:51 2019

Academic license - for non-commercial use only

Gurobi 8.0.1 (linux64, Python) logging started Sun May 26 19:40:05 2019

Academic license - for non-commercial use only

Gurobi 8.0.1 (linux64, Python) logging started Sun May 26 19:40:15 2019

Academic license - for non-commercial use only

Gurobi 8.0.1 (linux64, Python) logging started Sun May 26 19:40:22 2019

Academic license - for non-commercial use only

Gurobi 8.0.1 (linux64, Python) logging started Sun May 26 19:42:02 2019

Academic license - for non-commercial use only

Gurobi 8.0.1 (linux64, Python) logging started Sun May 26 19:42:39 2019

Academic license - for non-commercial use only

Gurobi 8.0.1 (linux64, Python) logging started Sun May 26 19:43:16 2019

Academic license - for non-commercial use only

Gurobi 8.0.1 (linux64, Python) logging started Sun May 26 19:45:23 2019

Academic license - for non-commercial use only

Gurobi 8.0.1 (linux64, Python) logging started Sun May 26 19:47:01 2019

Academic license - for non-commercial use only

Gurobi 8.0.1 (linux64, Python) logging started Sun May 26 19:51:25 2019

Academic license - for non-commercial use only

Gurobi 8.0.1 (linux64, Python) logging started Sun May 26 19:52:06 2019

Academic license - for non-commercial use only

Gurobi 8.0.1 (linux64, Python) logging started Sun May 26 19:52:24 2019

Academic license - for non-commercial use only

Gurobi 8.0.1 (linux64, Python) logging started Sun May 26 19:54:01 2019

Academic license - for non-commercial use only

Gurobi 8.0.1 (linux64, Python) logging started Sun May 26 19:54:20 2019

Academic license - for non-commercial use only

Gurobi 8.0.1 (linux64, Python) logging started Sun May 26 19:58:32 2019

Academic license - for non-commercial use only

Gurobi 8.0.1 (linux64, Python) logging started Sun May 26 19:59:47 2019

Academic license - for non-commercial use only

Gurobi 8.0.1 (linux64, Python) logging started Sun May 26 20:01:25 2019

Academic license - for non-commercial use only

Gurobi 8.0.1 (linux64, Python) logging started Sun May 26 20:05:10 2019

Academic license - for non-commercial use only

Gurobi 8.0.1 (linux64, Python) logging started Sun May 26 20:05:40 2019

Academic license - for non-commercial use only

Gurobi 8.0.1 (linux64, Python) logging started Sun May 26 20:06:33 2019

Academic license - for non-commercial use only

Gurobi 8.0.1 (linux64, Python) logging started Sun May 26 20:08:13 2019

Academic license - for non-commercial use only

Gurobi 8.0.1 (linux64, Python) logging started Sun May 26 20:11:47 2019

Academic license - for non-commercial use only

Gurobi 8.0.1 (linux64, Python) logging started Sun May 26 20:18:44 2019

Academic license - for non-commercial use only

Gurobi 8.0.1 (linux64, Python) logging started Sun May 26 20:19:50 2019

Academic license - for non-commercial use only

Gurobi 8.0.1 (linux64, Python) logging started Sun May 26 20:22:06 2019

Academic license - for non-commercial use only

Gurobi 8.0.1 (linux64, Python) logging started Sun May 26 20:23:31 2019

Academic license - for non-commercial use only

Gurobi 8.0.1 (linux64, Python) logging started Sun May 26 20:24:15 2019

Academic license - for non-commercial use only

Gurobi 8.0.1 (linux64, Python) logging started Sun May 26 20:25:43 2019

Academic license - for non-commercial use only

Gurobi 8.0.1 (linux64, Python) logging started Sun May 26 20:28:19 2019

Academic license - for non-commercial use only

Gurobi 8.0.1 (linux64, Python) logging started Sun May 26 20:29:41 2019

Academic license - for non-commercial use only

Gurobi 8.0.1 (linux64, Python) logging started Sun May 26 20:30:54 2019

Academic license - for non-commercial use only

Gurobi 8.0.1 (linux64, Python) logging started Sun May 26 20:31:53 2019

Academic license - for non-commercial use only

Gurobi 8.0.1 (linux64, Python) logging started Sun May 26 20:32:28 2019

Academic license - for non-commercial use only

Gurobi 8.0.1 (linux64, Python) logging started Sun May 26 20:33:31 2019

Academic license - for non-commercial use only

Gurobi 8.0.1 (linux64, Python) logging started Sun May 26 20:34:29 2019

Academic license - for non-commercial use only

Gurobi 8.0.1 (linux64, Python) logging started Sun May 26 20:34:59 2019

Academic license - for non-commercial use only

Gurobi 8.0.1 (linux64, Python) logging started Sun May 26 20:37:17 2019

Academic license - for non-commercial use only

Gurobi 8.0.1 (linux64, Python) logging started Sun May 26 20:37:43 2019

Academic license - for non-commercial use only

Gurobi 8.0.1 (linux64, Python) logging started Sun May 26 20:38:02 2019

Academic license - for non-commercial use only

Gurobi 8.0.1 (linux64, Python) logging started Sun May 26 20:38:08 2019

Academic license - for non-commercial use only

Gurobi 8.0.1 (linux64, Python) logging started Sun May 26 20:38:44 2019

Academic license - for non-commercial use only

Gurobi 8.0.1 (linux64, Python) logging started Sun May 26 20:41:15 2019

Academic license - for non-commercial use only

Gurobi 8.0.1 (linux64, Python) logging started Sun May 26 20:41:17 2019

Academic license - for non-commercial use only

Gurobi 8.0.1 (linux64, Python) logging started Sun May 26 21:32:46 2019

Academic license - for non-commercial use only

Gurobi 8.0.1 (linux64, Python) logging started Sun May 26 21:33:05 2019

Academic license - for non-commercial use only

Gurobi 8.0.1 (linux64, Python) logging started Sun May 26 21:44:37 2019

Academic license - for non-commercial use only

Gurobi 8.0.1 (linux64, Python) logging started Sun May 26 21:48:57 2019

Academic license - for non-commercial use only

Gurobi 8.0.1 (linux64, Python) logging started Sun May 26 21:48:59 2019

Academic license - for non-commercial use only

Gurobi 8.0.1 (linux64, Python) logging started Sun May 26 22:12:53 2019

Academic license - for non-commercial use only

Gurobi 8.0.1 (linux64, Python) logging started Sun May 26 22:12:57 2019

Academic license - for non-commercial use only

Gurobi 8.0.1 (linux64, Python) logging started Sun May 26 23:31:13 2019

Academic license - for non-commercial use only

Gurobi 8.0.1 (linux64, Python) logging started Sun May 26 23:31:15 2019

Academic license - for non-commercial use only

Gurobi 8.0.1 (linux64, Python) logging started Sun May 26 23:32:06 2019

Academic license - for non-commercial use only

Gurobi 8.0.1 (linux64, Python) logging started Sun May 26 23:32:07 2019

Academic license - for non-commercial use only

Gurobi 8.0.1 (linux64, Python) logging started Mon May 27 00:18:07 2019

Academic license - for non-commercial use only

Gurobi 8.0.1 (linux64, Python) logging started Mon May 27 00:18:10 2019

Academic license - for non-commercial use only

Gurobi 8.0.1 (linux64, Python) logging started Mon May 27 01:16:39 2019

Academic license - for non-commercial use only

Gurobi 8.0.1 (linux64, Python) logging started Mon May 27 01:16:46 2019

Academic license - for non-commercial use only

Gurobi 8.0.1 (linux64, Python) logging started Mon May 27 01:47:37 2019

Academic license - for non-commercial use only

Gurobi 8.0.1 (linux64, Python) logging started Mon May 27 02:30:39 2019

Academic license - for non-commercial use only

Gurobi 8.0.1 (linux64, Python) logging started Mon May 27 03:25:51 2019

Academic license - for non-commercial use only

Gurobi 8.0.1 (linux64, Python) logging started Mon May 27 04:10:05 2019

Academic license - for non-commercial use only

Gurobi 8.0.1 (linux64, Python) logging started Mon May 27 04:45:23 2019

Academic license - for non-commercial use only

Gurobi 8.0.1 (linux64, Python) logging started Mon May 27 05:18:51 2019

Academic license - for non-commercial use only

Gurobi 8.0.1 (linux64, Python) logging started Mon May 27 05:48:55 2019

Academic license - for non-commercial use only

Gurobi 8.0.1 (linux64, Python) logging started Mon May 27 06:23:07 2019

Academic license - for non-commercial use only

Gurobi 8.0.1 (linux64, Python) logging started Mon May 27 06:54:31 2019

Academic license - for non-commercial use only

Gurobi 8.0.1 (linux64, Python) logging started Mon May 27 07:36:58 2019

Academic license - for non-commercial use only

Gurobi 8.0.1 (linux64, Python) logging started Mon May 27 08:09:35 2019

Academic license - for non-commercial use only

Gurobi 8.0.1 (linux64, Python) logging started Mon May 27 08:56:08 2019

Academic license - for non-commercial use only

Gurobi 8.0.1 (linux64, Python) logging started Mon May 27 09:36:36 2019

Academic license - for non-commercial use only

Gurobi 8.0.1 (linux64, Python) logging started Mon May 27 10:05:28 2019

Academic license - for non-commercial use only

Gurobi 8.0.1 (linux64, Python) logging started Mon May 27 10:44:42 2019

Academic license - for non-commercial use only

Gurobi 8.0.1 (linux64, Python) logging started Mon May 27 11:31:30 2019

Academic license - for non-commercial use only

Gurobi 8.0.1 (linux64, Python) logging started Mon May 27 12:13:55 2019

Academic license - for non-commercial use only

Gurobi 8.0.1 (linux64, Python) logging started Mon May 27 13:33:35 2019

Academic license - for non-commercial use only

Gurobi 8.0.1 (linux64, Python) logging started Mon May 27 14:45:17 2019

Academic license - for non-commercial use only

Gurobi 8.0.1 (linux64, Python) logging started Mon May 27 15:41:24 2019

Academic license - for non-commercial use only

Gurobi 8.0.1 (linux64, Python) logging started Mon May 27 16:32:41 2019

Academic license - for non-commercial use only

Gurobi 8.0.1 (linux64, Python) logging started Mon May 27 23:14:56 2019

Academic license - for non-commercial use only

Gurobi 8.0.1 (linux64, Python) logging started Mon May 27 23:37:47 2019

Academic license - for non-commercial use only

Gurobi 8.0.1 (linux64, Python) logging started Tue May 28 00:11:23 2019

Academic license - for non-commercial use only

Gurobi 8.0.1 (linux64, Python) logging started Tue May 28 00:11:48 2019

Academic license - for non-commercial use only

Gurobi 8.0.1 (linux64, Python) logging started Tue May 28 00:13:41 2019

Academic license - for non-commercial use only

Gurobi 8.0.1 (linux64, Python) logging started Tue May 28 00:14:26 2019

Academic license - for non-commercial use only

Gurobi 8.0.1 (linux64, Python) logging started Tue May 28 00:14:47 2019

Academic license - for non-commercial use only

Gurobi 8.0.1 (linux64, Python) logging started Tue May 28 00:17:18 2019

Academic license - for non-commercial use only

Gurobi 8.0.1 (linux64, Python) logging started Tue May 28 00:19:02 2019

Academic license - for non-commercial use only

Gurobi 8.0.1 (linux64, Python) logging started Tue May 28 00:20:37 2019

Academic license - for non-commercial use only

Gurobi 8.0.1 (linux64, Python) logging started Tue May 28 00:51:14 2019

Academic license - for non-commercial use only

Gurobi 8.0.1 (linux64, Python) logging started Tue May 28 01:22:24 2019

Academic license - for non-commercial use only

Gurobi 8.0.1 (linux64, Python) logging started Tue May 28 01:24:27 2019

Academic license - for non-commercial use only

Gurobi 8.0.1 (linux64, Python) logging started Tue May 28 01:25:01 2019

Academic license - for non-commercial use only

Gurobi 8.0.1 (linux64, Python) logging started Tue May 28 01:46:32 2019

Academic license - for non-commercial use only

Gurobi 8.0.1 (linux64, Python) logging started Tue May 28 01:49:26 2019

Academic license - for non-commercial use only

Gurobi 8.0.1 (linux64, Python) logging started Tue May 28 01:51:54 2019

Academic license - for non-commercial use only

Gurobi 8.0.1 (linux64, Python) logging started Tue May 28 01:52:30 2019

Academic license - for non-commercial use only

Gurobi 8.0.1 (linux64, Python) logging started Tue May 28 01:52:38 2019

Academic license - for non-commercial use only

Gurobi 8.0.1 (linux64, Python) logging started Tue May 28 02:21:59 2019

Academic license - for non-commercial use only

Gurobi 8.0.1 (linux64, Python) logging started Tue May 28 03:41:59 2019

Academic license - for non-commercial use only

Gurobi 8.0.1 (linux64, Python) logging started Tue May 28 04:05:26 2019

Academic license - for non-commercial use only

Gurobi 8.0.1 (linux64, Python) logging started Tue May 28 05:27:33 2019

Academic license - for non-commercial use only

Gurobi 8.0.1 (linux64, Python) logging started Tue May 28 06:46:58 2019

Academic license - for non-commercial use only

Gurobi 8.0.1 (linux64, Python) logging started Tue May 28 07:12:32 2019

Academic license - for non-commercial use only

Gurobi 8.0.1 (linux64, Python) logging started Tue May 28 07:40:55 2019

Academic license - for non-commercial use only

Gurobi 8.0.1 (linux64, Python) logging started Tue May 28 08:57:12 2019

Academic license - for non-commercial use only

Gurobi 8.0.1 (linux64, Python) logging started Tue May 28 09:20:34 2019

Academic license - for non-commercial use only

Gurobi 8.0.1 (linux64, Python) logging started Tue May 28 09:58:19 2019

Academic license - for non-commercial use only

Gurobi 8.0.1 (linux64, Python) logging started Tue May 28 09:59:12 2019

Academic license - for non-commercial use only

Gurobi 8.0.1 (linux64, Python) logging started Tue May 28 10:17:11 2019

Academic license - for non-commercial use only

Gurobi 8.0.1 (linux64, Python) logging started Tue May 28 10:30:48 2019

Academic license - for non-commercial use only

Gurobi 8.0.1 (linux64, Python) logging started Tue May 28 10:47:20 2019

Academic license - for non-commercial use only

Gurobi 8.0.1 (linux64, Python) logging started Tue May 28 11:04:09 2019

Academic license - for non-commercial use only

Gurobi 8.0.1 (linux64, Python) logging started Tue May 28 11:17:09 2019

Academic license - for non-commercial use only

Gurobi 8.0.1 (linux64, Python) logging started Tue May 28 11:30:45 2019

Academic license - for non-commercial use only

Gurobi 8.0.1 (linux64, Python) logging started Tue May 28 11:45:01 2019

Academic license - for non-commercial use only

Gurobi 8.0.1 (linux64, Python) logging started Tue May 28 12:27:51 2019

Academic license - for non-commercial use only

Gurobi 8.0.1 (linux64, Python) logging started Tue May 28 12:41:18 2019

Academic license - for non-commercial use only

Gurobi 8.0.1 (linux64, Python) logging started Tue May 28 12:47:38 2019

Academic license - for non-commercial use only

Gurobi 8.0.1 (linux64, Python) logging started Tue May 28 13:05:19 2019

Academic license - for non-commercial use only

Gurobi 8.0.1 (linux64, Python) logging started Tue May 28 13:19:01 2019

Academic license - for non-commercial use only

Gurobi 8.0.1 (linux64, Python) logging started Tue May 28 13:32:22 2019

Academic license - for non-commercial use only

Gurobi 8.0.1 (linux64, Python) logging started Tue May 28 13:47:33 2019

Academic license - for non-commercial use only

Gurobi 8.0.1 (linux64, Python) logging started Tue May 28 14:00:47 2019

Academic license - for non-commercial use only

Gurobi 8.0.1 (linux64, Python) logging started Tue May 28 14:12:14 2019

Academic license - for non-commercial use only

Gurobi 8.0.1 (linux64, Python) logging started Tue May 28 14:13:48 2019

Academic license - for non-commercial use only

Gurobi 8.0.1 (linux64, Python) logging started Tue May 28 14:15:22 2019

Academic license - for non-commercial use only

Gurobi 8.0.1 (linux64, Python) logging started Tue May 28 14:16:57 2019

Academic license - for non-commercial use only

Gurobi 8.1.1 (linux64, Python) logging started Tue May 28 14:44:36 2019

Academic license - for non-commercial use only

Gurobi 8.1.1 (linux64, Python) logging started Tue May 28 14:46:38 2019

Academic license - for non-commercial use only

Gurobi 8.1.1 (linux64, Python) logging started Tue May 28 14:48:06 2019

Academic license - for non-commercial use only

Gurobi 8.1.1 (linux64, Python) logging started Tue May 28 14:49:00 2019

Academic license - for non-commercial use only

Gurobi 8.1.1 (linux64, Python) logging started Tue May 28 14:49:31 2019

Academic license - for non-commercial use only

Gurobi 8.1.1 (linux64, Python) logging started Tue May 28 14:50:07 2019

Academic license - for non-commercial use only

Gurobi 8.1.1 (linux64, Python) logging started Tue May 28 14:51:14 2019

Academic license - for non-commercial use only

Gurobi 8.1.1 (linux64, Python) logging started Tue May 28 14:52:08 2019

Academic license - for non-commercial use only

Gurobi 8.1.1 (linux64, Python) logging started Tue May 28 14:52:43 2019

Academic license - for non-commercial use only

Gurobi 8.1.1 (linux64, Python) logging started Tue May 28 14:57:11 2019

Academic license - for non-commercial use only

Gurobi 8.1.1 (linux64, Python) logging started Tue May 28 14:58:29 2019

Academic license - for non-commercial use only

Gurobi 8.1.1 (linux64, Python) logging started Tue May 28 14:59:47 2019

Academic license - for non-commercial use only

Gurobi 8.1.1 (linux64, Python) logging started Tue May 28 14:59:56 2019

Academic license - for non-commercial use only

Gurobi 8.1.1 (linux64, Python) logging started Tue May 28 15:00:14 2019

Academic license - for non-commercial use only

Gurobi 8.1.1 (linux64, Python) logging started Tue May 28 15:00:33 2019

Academic license - for non-commercial use only

Gurobi 8.1.1 (linux64, Python) logging started Tue May 28 15:01:28 2019

Academic license - for non-commercial use only

Gurobi 8.1.1 (linux64, Python) logging started Tue May 28 15:03:13 2019

Academic license - for non-commercial use only

Gurobi 8.1.1 (linux64, Python) logging started Tue May 28 15:04:05 2019

Academic license - for non-commercial use only

Gurobi 8.1.1 (linux64, Python) logging started Tue May 28 15:08:04 2019

Academic license - for non-commercial use only

Gurobi 8.1.1 (linux64, Python) logging started Tue May 28 15:08:50 2019

Academic license - for non-commercial use only

Gurobi 8.1.1 (linux64, Python) logging started Tue May 28 15:12:23 2019

Academic license - for non-commercial use only

Gurobi 8.1.1 (linux64, Python) logging started Tue May 28 15:13:41 2019

Academic license - for non-commercial use only

Gurobi 8.1.1 (linux64, Python) logging started Tue May 28 15:14:35 2019

Academic license - for non-commercial use only

Gurobi 8.1.1 (linux64, Python) logging started Tue May 28 15:16:35 2019

Academic license - for non-commercial use only

Gurobi 8.1.1 (linux64, Python) logging started Tue May 28 15:18:31 2019

Academic license - for non-commercial use only

Gurobi 8.1.1 (linux64, Python) logging started Tue May 28 15:19:45 2019

Academic license - for non-commercial use only

Gurobi 8.1.1 (linux64, Python) logging started Tue May 28 15:20:34 2019

Academic license - for non-commercial use only

Gurobi 8.1.1 (linux64, Python) logging started Tue May 28 15:28:03 2019

Academic license - for non-commercial use only

Gurobi 8.1.1 (linux64, Python) logging started Tue May 28 15:43:28 2019

Academic license - for non-commercial use only

Gurobi 8.1.1 (linux64, Python) logging started Tue May 28 15:43:53 2019

Academic license - for non-commercial use only

Gurobi 8.1.1 (linux64, Python) logging started Tue May 28 15:48:05 2019

Academic license - for non-commercial use only

Gurobi 8.1.0 (linux64, Python) logging started Tue May 28 16:39:26 2019

Academic license - for non-commercial use only

Gurobi 8.1.0 (linux64, Python) logging started Tue May 28 16:39:51 2019

Academic license - for non-commercial use only

Gurobi 8.1.0 (linux64, Python) logging started Tue May 28 16:40:44 2019

Academic license - for non-commercial use only

Gurobi 8.1.0 (linux64, Python) logging started Tue May 28 16:41:17 2019

Academic license - for non-commercial use only

Gurobi 8.1.0 (linux64, Python) logging started Tue May 28 16:41:54 2019

Academic license - for non-commercial use only

Gurobi 8.1.0 (linux64, Python) logging started Tue May 28 16:42:48 2019

Academic license - for non-commercial use only

Gurobi 8.1.0 (linux64, Python) logging started Tue May 28 16:46:00 2019

Academic license - for non-commercial use only

Gurobi 8.1.0 (linux64, Python) logging started Tue May 28 16:46:45 2019

Academic license - for non-commercial use only

Gurobi 8.1.0 (linux64, Python) logging started Tue May 28 16:47:17 2019

Academic license - for non-commercial use only

Gurobi 8.1.0 (linux64, Python) logging started Tue May 28 16:47:39 2019

Academic license - for non-commercial use only

Gurobi 8.1.0 (linux64, Python) logging started Tue May 28 16:48:39 2019

Academic license - for non-commercial use only

Gurobi 8.1.0 (linux64, Python) logging started Tue May 28 16:49:00 2019

Academic license - for non-commercial use only

Gurobi 8.1.0 (linux64, Python) logging started Tue May 28 16:50:18 2019

Academic license - for non-commercial use only

Gurobi 8.1.0 (linux64, Python) logging started Tue May 28 16:50:40 2019

Academic license - for non-commercial use only

Gurobi 8.1.0 (linux64, Python) logging started Tue May 28 16:55:03 2019

Academic license - for non-commercial use only

Gurobi 8.1.0 (linux64, Python) logging started Tue May 28 16:55:27 2019

Academic license - for non-commercial use only

Gurobi 8.1.0 (linux64, Python) logging started Tue May 28 16:57:11 2019

Academic license - for non-commercial use only

Gurobi 8.1.0 (linux64, Python) logging started Tue May 28 17:03:31 2019

Academic license - for non-commercial use only

Gurobi 8.1.0 (linux64, Python) logging started Tue May 28 17:46:05 2019

Academic license - for non-commercial use only

Gurobi 8.1.0 (linux64, Python) logging started Tue May 28 17:51:24 2019

Academic license - for non-commercial use only

Gurobi 8.1.0 (linux64, Python) logging started Tue May 28 18:10:49 2019

Academic license - for non-commercial use only

Gurobi 8.1.1 (linux64, Python) logging started Tue May 28 18:17:00 2019

Academic license - for non-commercial use only

Gurobi 8.1.1 (linux64, Python) logging started Tue May 28 18:19:31 2019

Academic license - for non-commercial use only

Gurobi 8.1.1 (linux64, Python) logging started Tue May 28 18:22:36 2019

Academic license - for non-commercial use only

Gurobi 8.1.1 (linux64, Python) logging started Tue May 28 18:25:38 2019

Academic license - for non-commercial use only

Gurobi 8.1.1 (linux64, Python) logging started Tue May 28 18:28:16 2019

Academic license - for non-commercial use only

Gurobi 8.1.1 (linux64, Python) logging started Tue May 28 18:31:18 2019

Academic license - for non-commercial use only

Gurobi 8.1.1 (linux64, Python) logging started Tue May 28 18:34:31 2019

Academic license - for non-commercial use only

Gurobi 8.1.1 (linux64, Python) logging started Tue May 28 18:36:44 2019

Academic license - for non-commercial use only

Gurobi 8.1.1 (linux64, Python) logging started Tue May 28 18:39:51 2019

Academic license - for non-commercial use only

Gurobi 8.1.1 (linux64, Python) logging started Tue May 28 18:42:28 2019

Academic license - for non-commercial use only
